"M:/Windows/Documents/Unreal Projects/RTS_Game/Content/GameBP/BP_GameMode.uasset" 0
"../../../Engine/Content/Functions/Engine_MaterialFunctions01/Density/ExponentialDensity.uasset" 1
"../../../Engine/Content/Functions/Engine_MaterialFunctions01/Gradient/RadialGradientExponential.uasset" 2
"M:/Windows/Documents/Unreal Projects/RTS_Game/Content/InfinityBladeWeapons/Weapons/Maps/LevelContent/Architecture/T_MeterGrid_01_M.uasset" 3
"M:/Windows/Documents/Unreal Projects/RTS_Game/Content/InfinityBladeWeapons/Weapons/Maps/LevelContent/Architecture/M_CycWall_01.uasset" 4
"M:/Windows/Documents/Unreal Projects/RTS_Game/Content/InfinityBladeWeapons/Weapons/Maps/LevelContent/Architecture/M_1Meter_01.uasset" 5
"M:/Windows/Documents/Unreal Projects/RTS_Game/Content/InfinityBladeWeapons/Weapons/Maps/LevelContent/Architecture/SM_1Meter_01.uasset" 6
"M:/Windows/Documents/Unreal Projects/RTS_Game/Content/InfinityBladeWeapons/Weapons/Maps/LevelContent/Architecture/M_CycRoom_01.uasset" 7
"M:/Windows/Documents/Unreal Projects/RTS_Game/Content/InfinityBladeWeapons/Weapons/Maps/LevelContent/Architecture/SM_CycRoom_01.uasset" 8
"M:/Windows/Documents/Unreal Projects/RTS_Game/Content/InfinityBladeWeapons/Weapons/Maps/LevelContent/HDRI/HDRI_Epic_Courtyard_Daylight.uasset" 9
"M:/Windows/Documents/Unreal Projects/RTS_Game/Content/InfinityBladeWeapons/Weapons/Staff/Textures/StaffofAncientsNormalsMap.uasset" 10
"M:/Windows/Documents/Unreal Projects/RTS_Game/Content/InfinityBladeWeapons/Weapons/Staff/Textures/T_Stf_StaffofAncients_D.uasset" 11
"M:/Windows/Documents/Unreal Projects/RTS_Game/Content/InfinityBladeWeapons/Weapons/Staff/Textures/T_Stf_StaffofAncients_E.uasset" 12
"M:/Windows/Documents/Unreal Projects/RTS_Game/Content/InfinityBladeWeapons/Weapons/Staff/Materials/T_Stf_StaffofAncients_D_Mat.uasset" 13
"M:/Windows/Documents/Unreal Projects/RTS_Game/Content/InfinityBladeWeapons/Weapons/Staff/StaticMesh/SM_Stf_StaffofAncients.uasset" 14
"M:/Windows/Documents/Unreal Projects/RTS_Game/Content/InfinityBladeWeapons/Weapons/Weapon_ForgingHammers/T_ForgeHammer_01_D.uasset" 15
"M:/Windows/Documents/Unreal Projects/RTS_Game/Content/InfinityBladeWeapons/Weapons/Weapon_ForgingHammers/T_ForgeHammer_01_N.uasset" 16
"M:/Windows/Documents/Unreal Projects/RTS_Game/Content/InfinityBladeWeapons/Weapons/Weapon_ForgingHammers/M_ForgeHammer_01.uasset" 17
"M:/Windows/Documents/Unreal Projects/RTS_Game/Content/InfinityBladeWeapons/Weapons/Weapon_ForgingHammers/SK_Forging_ForgeHammer01_Skeleton.uasset" 18
"M:/Windows/Documents/Unreal Projects/RTS_Game/Content/InfinityBladeWeapons/Weapons/Weapon_ForgingHammers/SK_Forging_ForgeHammer01.uasset" 19
"M:/Windows/Documents/Unreal Projects/RTS_Game/Content/InfinityBladeWeapons/Weapons/Weapon_ForgingHammers/T_ForgeHammer_02_D.uasset" 20
"M:/Windows/Documents/Unreal Projects/RTS_Game/Content/InfinityBladeWeapons/Weapons/Weapon_ForgingHammers/T_ForgeHammer_02_N.uasset" 21
"M:/Windows/Documents/Unreal Projects/RTS_Game/Content/InfinityBladeWeapons/Weapons/Weapon_ForgingHammers/M_ForgeHammer_02.uasset" 22
"M:/Windows/Documents/Unreal Projects/RTS_Game/Content/InfinityBladeWeapons/Weapons/Weapon_ForgingHammers/SK_Forging_ForgeHammer02_Skeleton.uasset" 23
"M:/Windows/Documents/Unreal Projects/RTS_Game/Content/InfinityBladeWeapons/Weapons/Weapon_ForgingHammers/SK_Forging_ForgeHammer02.uasset" 24
"M:/Windows/Documents/Unreal Projects/RTS_Game/Content/InfinityBladeWeapons/Weapons/Weapon_ForgingHammers/T_Forging_Mallet_02_M_R.uasset" 25
"M:/Windows/Documents/Unreal Projects/RTS_Game/Content/InfinityBladeWeapons/Weapons/Weapon_ForgingHammers/T_Forging_Mallet_02and3_D.uasset" 26
"M:/Windows/Documents/Unreal Projects/RTS_Game/Content/InfinityBladeWeapons/Weapons/Weapon_ForgingHammers/T_Forging_Mallet_02and3_E.uasset" 27
"M:/Windows/Documents/Unreal Projects/RTS_Game/Content/InfinityBladeWeapons/Weapons/Weapon_ForgingHammers/T_Forging_Mallet_02and3_N.uasset" 28
"M:/Windows/Documents/Unreal Projects/RTS_Game/Content/InfinityBladeWeapons/Weapons/Weapon_ForgingHammers/T_Forging_Mallet_02and3_D_Mat.uasset" 29
"M:/Windows/Documents/Unreal Projects/RTS_Game/Content/InfinityBladeWeapons/Weapons/Weapon_ForgingHammers/SK_Forging_Mallet_03_Skeleton.uasset" 30
"M:/Windows/Documents/Unreal Projects/RTS_Game/Content/InfinityBladeWeapons/Weapons/Weapon_ForgingHammers/SK_Forging_Mallet_02.uasset" 31
"M:/Windows/Documents/Unreal Projects/RTS_Game/Content/InfinityBladeWeapons/Weapons/Weapon_ForgingHammers/SK_Forging_Mallet_04_Skeleton.uasset" 32
"M:/Windows/Documents/Unreal Projects/RTS_Game/Content/InfinityBladeWeapons/Weapons/Weapon_ForgingHammers/SK_Forging_Mallet_03.uasset" 33
"M:/Windows/Documents/Unreal Projects/RTS_Game/Content/StarterContent/Materials/M_Basic_Wall.uasset" 34
"M:/Windows/Documents/Unreal Projects/RTS_Game/Content/StarterContent/Architecture/Pillar_50x500.uasset" 35
"M:/Windows/Documents/Unreal Projects/RTS_Game/Content/StarterContent/Architecture/Wall_400x300.uasset" 36
"M:/Windows/Documents/Unreal Projects/RTS_Game/Content/StarterContent/Architecture/Wall_400x400.uasset" 37
"M:/Windows/Documents/Unreal Projects/RTS_Game/Content/StarterContent/Architecture/Wall_500x500.uasset" 38
"M:/Windows/Documents/Unreal Projects/RTS_Game/Content/StarterContent/Architecture/Wall_Door_400x400.uasset" 39
"M:/Windows/Documents/Unreal Projects/RTS_Game/Content/StarterContent/Architecture/Wall_Window_400x400.uasset" 40
"M:/Windows/Documents/Unreal Projects/RTS_Game/Content/StarterContent/Audio/Collapse01.uasset" 41
"M:/Windows/Documents/Unreal Projects/RTS_Game/Content/StarterContent/Audio/Collapse02.uasset" 42
"M:/Windows/Documents/Unreal Projects/RTS_Game/Content/StarterContent/Audio/Explosion01.uasset" 43
"M:/Windows/Documents/Unreal Projects/RTS_Game/Content/StarterContent/Audio/Explosion02.uasset" 44
"M:/Windows/Documents/Unreal Projects/RTS_Game/Content/StarterContent/Audio/Fire01.uasset" 45
"M:/Windows/Documents/Unreal Projects/RTS_Game/Content/StarterContent/Audio/Fire_Sparks01.uasset" 46
"M:/Windows/Documents/Unreal Projects/RTS_Game/Content/StarterContent/Audio/Light01.uasset" 47
"M:/Windows/Documents/Unreal Projects/RTS_Game/Content/StarterContent/Audio/Light01_Cue.uasset" 48
"M:/Windows/Documents/Unreal Projects/RTS_Game/Content/StarterContent/Audio/Light02.uasset" 49
"M:/Windows/Documents/Unreal Projects/RTS_Game/Content/StarterContent/Audio/Light02_Cue.uasset" 50
"M:/Windows/Documents/Unreal Projects/RTS_Game/Content/StarterContent/Audio/Smoke01.uasset" 51
"M:/Windows/Documents/Unreal Projects/RTS_Game/Content/StarterContent/Audio/Starter_Birds01.uasset" 52
"M:/Windows/Documents/Unreal Projects/RTS_Game/Content/StarterContent/Audio/Starter_Music01.uasset" 53
"M:/Windows/Documents/Unreal Projects/RTS_Game/Content/StarterContent/Audio/Starter_Wind05.uasset" 54
"M:/Windows/Documents/Unreal Projects/RTS_Game/Content/StarterContent/Audio/Starter_Wind06.uasset" 55
"M:/Windows/Documents/Unreal Projects/RTS_Game/Content/StarterContent/Audio/Steam01.uasset" 56
"M:/Windows/Documents/Unreal Projects/RTS_Game/Content/StarterContent/Audio/Explosion_Cue.uasset" 57
"M:/Windows/Documents/Unreal Projects/RTS_Game/Content/StarterContent/Textures/T_Burst_M.uasset" 58
"M:/Windows/Documents/Unreal Projects/RTS_Game/Content/StarterContent/Particles/Materials/M_Burst.uasset" 59
"M:/Windows/Documents/Unreal Projects/RTS_Game/Content/StarterContent/Textures/T_Explosion_SubUV.uasset" 60
"M:/Windows/Documents/Unreal Projects/RTS_Game/Content/StarterContent/Particles/Materials/M_explosion_subUV.uasset" 61
"M:/Windows/Documents/Unreal Projects/RTS_Game/Content/StarterContent/Particles/Materials/m_flare_01.uasset" 62
"../../../Engine/Content/Functions/Engine_MaterialFunctions01/Gradient/RadialGradient.uasset" 63
"M:/Windows/Documents/Unreal Projects/RTS_Game/Content/StarterContent/Particles/Materials/M_radial_ramp.uasset" 64
"M:/Windows/Documents/Unreal Projects/RTS_Game/Content/StarterContent/Textures/T_Smoke_SubUV.uasset" 65
"M:/Windows/Documents/Unreal Projects/RTS_Game/Content/StarterContent/Textures/T_Smoke_Tiled_D.uasset" 66
"M:/Windows/Documents/Unreal Projects/RTS_Game/Content/StarterContent/Particles/Materials/M_smoke_subUV.uasset" 67
"M:/Windows/Documents/Unreal Projects/RTS_Game/Content/StarterContent/Particles/P_Explosion.uasset" 68
"M:/Windows/Documents/Unreal Projects/RTS_Game/Content/StarterContent/Blueprints/Blueprint_Effect_Explosion.uasset" 69
"../../../Engine/Content/EditorMeshes/ColorCalibrator/T_ColorGrid.uasset" 70
"M:/Windows/Documents/Unreal Projects/RTS_Game/Content/StarterContent/Materials/M_ColorGrid_LowSpec.uasset" 71
"M:/Windows/Documents/Unreal Projects/RTS_Game/Content/StarterContent/Textures/T_Bush_D.uasset" 72
"M:/Windows/Documents/Unreal Projects/RTS_Game/Content/StarterContent/Textures/T_Bush_N.uasset" 73
"M:/Windows/Documents/Unreal Projects/RTS_Game/Content/StarterContent/Props/Materials/M_Bush.uasset" 74
"M:/Windows/Documents/Unreal Projects/RTS_Game/Content/StarterContent/Props/SM_Bush.uasset" 75
"M:/Windows/Documents/Unreal Projects/RTS_Game/Content/StarterContent/Textures/T_Chair_M.uasset" 76
"M:/Windows/Documents/Unreal Projects/RTS_Game/Content/StarterContent/Textures/T_Chair_N.uasset" 77
"M:/Windows/Documents/Unreal Projects/RTS_Game/Content/StarterContent/Props/Materials/M_Chair.uasset" 78
"M:/Windows/Documents/Unreal Projects/RTS_Game/Content/StarterContent/Props/SM_Couch.uasset" 79
"M:/Windows/Documents/Unreal Projects/RTS_Game/Content/StarterContent/Materials/M_Glass.uasset" 80
"M:/Windows/Documents/Unreal Projects/RTS_Game/Content/StarterContent/Textures/T_Door_M.uasset" 81
"M:/Windows/Documents/Unreal Projects/RTS_Game/Content/StarterContent/Textures/T_Door_N.uasset" 82
"M:/Windows/Documents/Unreal Projects/RTS_Game/Content/StarterContent/Props/Materials/M_Door.uasset" 83
"M:/Windows/Documents/Unreal Projects/RTS_Game/Content/StarterContent/Props/SM_Door.uasset" 84
"M:/Windows/Documents/Unreal Projects/RTS_Game/Content/StarterContent/Props/Materials/M_MaterialSphere.uasset" 85
"M:/Windows/Documents/Unreal Projects/RTS_Game/Content/StarterContent/Props/Materials/M_MaterialSphere_Plain.uasset" 86
"M:/Windows/Documents/Unreal Projects/RTS_Game/Content/StarterContent/Props/SM_MatPreviewMesh_02.uasset" 87
"../../../Engine/Content/Functions/Engine_MaterialFunctions02/Utility/BlendAngleCorrectedNormals.uasset" 88
"M:/Windows/Documents/Unreal Projects/RTS_Game/Content/StarterContent/Textures/T_Detail_Rocky_N.uasset" 89
"M:/Windows/Documents/Unreal Projects/RTS_Game/Content/StarterContent/Textures/T_Rock_Basalt_D.uasset" 90
"M:/Windows/Documents/Unreal Projects/RTS_Game/Content/StarterContent/Textures/T_RockMesh_M.uasset" 91
"M:/Windows/Documents/Unreal Projects/RTS_Game/Content/StarterContent/Textures/T_RockMesh_N.uasset" 92
"M:/Windows/Documents/Unreal Projects/RTS_Game/Content/StarterContent/Props/Materials/M_Rock.uasset" 93
"M:/Windows/Documents/Unreal Projects/RTS_Game/Content/StarterContent/Props/SM_Rock.uasset" 94
"M:/Windows/Documents/Unreal Projects/RTS_Game/Content/StarterContent/Textures/T_Shelf_M.uasset" 95
"M:/Windows/Documents/Unreal Projects/RTS_Game/Content/StarterContent/Textures/T_Shelf_N.uasset" 96
"M:/Windows/Documents/Unreal Projects/RTS_Game/Content/StarterContent/Props/Materials/M_Shelf.uasset" 97
"M:/Windows/Documents/Unreal Projects/RTS_Game/Content/StarterContent/Props/SM_Shelf.uasset" 98
"M:/Windows/Documents/Unreal Projects/RTS_Game/Content/StarterContent/Materials/M_Basic_Floor.uasset" 99
"M:/Windows/Documents/Unreal Projects/RTS_Game/Content/StarterContent/Props/SM_Stairs.uasset" 100
"M:/Windows/Documents/Unreal Projects/RTS_Game/Content/StarterContent/Shapes/Shape_Cone.uasset" 101
"M:/Windows/Documents/Unreal Projects/RTS_Game/Content/StarterContent/Shapes/Shape_NarrowCapsule.uasset" 102
"M:/Windows/Documents/Unreal Projects/RTS_Game/Content/StarterContent/Shapes/Shape_Pipe.uasset" 103
"M:/Windows/Documents/Unreal Projects/RTS_Game/Content/StarterContent/Shapes/Shape_Pipe_180.uasset" 104
"M:/Windows/Documents/Unreal Projects/RTS_Game/Content/StarterContent/Shapes/Shape_Pipe_90.uasset" 105
"M:/Windows/Documents/Unreal Projects/RTS_Game/Content/StarterContent/Shapes/Shape_Plane.uasset" 106
"M:/Windows/Documents/Unreal Projects/RTS_Game/Content/StarterContent/Shapes/Shape_Torus.uasset" 107
"M:/Windows/Documents/Unreal Projects/RTS_Game/Content/StarterContent/Shapes/Shape_Trim.uasset" 108
"M:/Windows/Documents/Unreal Projects/RTS_Game/Content/StarterContent/Shapes/Shape_Trim_90_In.uasset" 109
"M:/Windows/Documents/Unreal Projects/RTS_Game/Content/StarterContent/Shapes/Shape_Trim_90_Out.uasset" 110
"M:/Windows/Documents/Unreal Projects/RTS_Game/Content/StarterContent/Shapes/Shape_TriPyramid.uasset" 111
"M:/Windows/Documents/Unreal Projects/RTS_Game/Content/StarterContent/Shapes/Shape_Tube.uasset" 112
"M:/Windows/Documents/Unreal Projects/RTS_Game/Content/StarterContent/Shapes/Shape_Wedge_A.uasset" 113
"M:/Windows/Documents/Unreal Projects/RTS_Game/Content/StarterContent/Shapes/Shape_Wedge_B.uasset" 114
"M:/Windows/Documents/Unreal Projects/RTS_Game/Content/StarterContent/Shapes/Shape_WideCapsule.uasset" 115
"M:/Windows/Documents/Unreal Projects/RTS_Game/Content/UI/Icons/archerIcon.uasset" 116
"../../../Engine/Content/Functions/MaterialLayerFunctions/MatLayerBlend_AO.uasset" 117
"../../../Engine/Content/Functions/MaterialLayerFunctions/MatLayerBlend_NormalBlend.uasset" 118
"../../../Engine/Content/Functions/MaterialLayerFunctions/MatLayerBlend_Simple.uasset" 119
"M:/Windows/Documents/Unreal Projects/RTS_Game/Content/AnimStarterPack/UE4_Mannequin/Materials/MaterialLayers/T_ML_Rubber_Blue_01_D.uasset" 120
"M:/Windows/Documents/Unreal Projects/RTS_Game/Content/AnimStarterPack/UE4_Mannequin/Materials/MaterialLayers/T_ML_Rubber_Blue_01_N.uasset" 121
"M:/Windows/Documents/Unreal Projects/RTS_Game/Content/AnimStarterPack/UE4_Mannequin/Materials/MaterialLayers/ML_GlossyBlack_Latex_UE4.uasset" 122
"M:/Windows/Documents/Unreal Projects/RTS_Game/Content/AnimStarterPack/UE4_Mannequin/Materials/MaterialLayers/ML_Plastic_Shiny_Beige.uasset" 123
"M:/Windows/Documents/Unreal Projects/RTS_Game/Content/AnimStarterPack/UE4_Mannequin/Textures/UE4_LOGO_CARD.uasset" 124
"M:/Windows/Documents/Unreal Projects/RTS_Game/Content/AnimStarterPack/UE4_Mannequin/Materials/MaterialLayers/ML_Plastic_Shiny_Beige_LOGO.uasset" 125
"M:/Windows/Documents/Unreal Projects/RTS_Game/Content/AnimStarterPack/UE4_Mannequin/Materials/MaterialLayers/T_ML_Aluminum01.uasset" 126
"M:/Windows/Documents/Unreal Projects/RTS_Game/Content/AnimStarterPack/UE4_Mannequin/Materials/MaterialLayers/T_ML_Aluminum01_N.uasset" 127
"M:/Windows/Documents/Unreal Projects/RTS_Game/Content/AnimStarterPack/UE4_Mannequin/Materials/MaterialLayers/ML_SoftMetal_UE4.uasset" 128
"M:/Windows/Documents/Unreal Projects/RTS_Game/Content/AnimStarterPack/UE4_Mannequin/Textures/UE4_Mannequin__normals.uasset" 129
"M:/Windows/Documents/Unreal Projects/RTS_Game/Content/AnimStarterPack/UE4_Mannequin/Textures/UE4_Mannequin_MAT_MASKA.uasset" 130
"M:/Windows/Documents/Unreal Projects/RTS_Game/Content/AnimStarterPack/UE4_Mannequin/Textures/UE4_Mannequin_occlusion_Mobile.uasset" 131
"M:/Windows/Documents/Unreal Projects/RTS_Game/Content/AnimStarterPack/UE4_Mannequin/Materials/M_UE4Man_Body.uasset" 132
"M:/Windows/Documents/Unreal Projects/RTS_Game/Content/AnimStarterPack/UE4_Mannequin/Textures/UE4Man_Logo_N.uasset" 133
"M:/Windows/Documents/Unreal Projects/RTS_Game/Content/AnimStarterPack/UE4_Mannequin/Materials/M_UE4Man_ChestLogo.uasset" 134
"M:/Windows/Documents/Unreal Projects/RTS_Game/Content/AnimStarterPack/UE4_Mannequin/Mesh/SK_Mannequin_PhysicsAsset.uasset" 135
"M:/Windows/Documents/Unreal Projects/RTS_Game/Content/AnimStarterPack/UE4_Mannequin/Mesh/UE4_Mannequin_Skeleton.uasset" 136
"M:/Windows/Documents/Unreal Projects/RTS_Game/Content/AnimStarterPack/UE4_Mannequin/Mesh/SK_Mannequin.uasset" 137
"M:/Windows/Documents/Unreal Projects/RTS_Game/Content/InfinityBladeWeapons/Weapons/Dual_Blade/Dual_Blade_Arrow/T_Dual_Blade_Arrow1_D.uasset" 138
"M:/Windows/Documents/Unreal Projects/RTS_Game/Content/InfinityBladeWeapons/Weapons/Dual_Blade/Dual_Blade_Arrow/T_Dual_Blade_Arrow1_M.uasset" 139
"M:/Windows/Documents/Unreal Projects/RTS_Game/Content/InfinityBladeWeapons/Weapons/Dual_Blade/Dual_Blade_Arrow/T_Dual_Blade_Arrow1_N.uasset" 140
"M:/Windows/Documents/Unreal Projects/RTS_Game/Content/InfinityBladeWeapons/Weapons/Dual_Blade/Dual_Blade_Arrow/T_Dual_Blade_Arrow2_D.uasset" 141
"M:/Windows/Documents/Unreal Projects/RTS_Game/Content/InfinityBladeWeapons/Weapons/Dual_Blade/Dual_Blade_Arrow/T_Dual_Blade_Arrow2_M.uasset" 142
"M:/Windows/Documents/Unreal Projects/RTS_Game/Content/InfinityBladeWeapons/Weapons/Dual_Blade/Dual_Blade_Arrow/T_Dual_Blade_Arrow2_N.uasset" 143
"M:/Windows/Documents/Unreal Projects/RTS_Game/Content/InfinityBladeWeapons/Weapons/Dual_Blade/Dual_Blade_Arrow/M_Dual_Blade_Arrow.uasset" 144
"M:/Windows/Documents/Unreal Projects/RTS_Game/Content/InfinityBladeWeapons/Weapons/Dual_Blade/Dual_Blade_Arrow/SK_Dual_Blade_Arrow_Skeleton.uasset" 145
"M:/Windows/Documents/Unreal Projects/RTS_Game/Content/InfinityBladeWeapons/Weapons/Dual_Blade/Dual_Blade_Arrow/SK_Dual_Blade_Arrow.uasset" 146
"M:/Windows/Documents/Unreal Projects/RTS_Game/Content/StarterContent/Shapes/Shape_Cylinder.uasset" 147
"M:/Windows/Documents/Unreal Projects/RTS_Game/Content/UnitBP/BP_Archer.uasset" 148
"../../../Engine/Content/BasicShapes/BasicShapeMaterial.uasset" 149
"../../../Engine/Content/Functions/Engine_MaterialFunctions01/Opacity/CameraDepthFade.uasset" 150
"../../../Engine/Content/EngineMaterials/T_Default_Material_Grid_M.uasset" 151
"../../../Engine/Content/EngineMaterials/T_Default_Material_Grid_N.uasset" 152
"../../../Engine/Content/EngineMaterials/WorldGridMaterial.uasset" 153
"../../../Engine/Content/BasicShapes/Cube.uasset" 154
"M:/Windows/Documents/Unreal Projects/RTS_Game/Content/UnitBP/BP_Bank.uasset" 155
"M:/Windows/Documents/Unreal Projects/RTS_Game/Content/UnitBP/BP_DefenseTower.uasset" 156
"M:/Windows/Documents/Unreal Projects/RTS_Game/Content/InfinityBladeWeapons/Weapons/Blunt/Blunt_Unicorn/T_Blunt_Unicorn1_D.uasset" 157
"M:/Windows/Documents/Unreal Projects/RTS_Game/Content/InfinityBladeWeapons/Weapons/Blunt/Blunt_Unicorn/T_Blunt_Unicorn1_N.uasset" 158
"M:/Windows/Documents/Unreal Projects/RTS_Game/Content/InfinityBladeWeapons/Weapons/Blunt/Blunt_Unicorn/T_Blunt_Unicorn2_D.uasset" 159
"M:/Windows/Documents/Unreal Projects/RTS_Game/Content/InfinityBladeWeapons/Weapons/Blunt/Blunt_Unicorn/T_Blunt_Unicorn2_N.uasset" 160
"M:/Windows/Documents/Unreal Projects/RTS_Game/Content/InfinityBladeWeapons/Weapons/Blunt/Blunt_Unicorn/M_Blunt_Unicorn.uasset" 161
"M:/Windows/Documents/Unreal Projects/RTS_Game/Content/InfinityBladeWeapons/Weapons/Blunt/Blunt_Unicorn/SK_Blunt_Unicorn_Skeleton.uasset" 162
"M:/Windows/Documents/Unreal Projects/RTS_Game/Content/InfinityBladeWeapons/Weapons/Blunt/Blunt_Unicorn/SK_Blunt_Unicorn.uasset" 163
"M:/Windows/Documents/Unreal Projects/RTS_Game/Content/UnitBP/BP_General.uasset" 164
"M:/Windows/Documents/Unreal Projects/RTS_Game/Content/InfinityBladeWeapons/Weapons/Blade/Silly_Weapons/Blade_Sucker/T_Blade_Sucker1_D.uasset" 165
"M:/Windows/Documents/Unreal Projects/RTS_Game/Content/InfinityBladeWeapons/Weapons/Blade/Silly_Weapons/Blade_Sucker/T_Blade_Sucker1_N.uasset" 166
"M:/Windows/Documents/Unreal Projects/RTS_Game/Content/InfinityBladeWeapons/Weapons/Blade/Silly_Weapons/Blade_Sucker/T_Blade_Sucker2_D.uasset" 167
"M:/Windows/Documents/Unreal Projects/RTS_Game/Content/InfinityBladeWeapons/Weapons/Blade/Silly_Weapons/Blade_Sucker/T_Blade_Sucker2_N.uasset" 168
"M:/Windows/Documents/Unreal Projects/RTS_Game/Content/InfinityBladeWeapons/Weapons/Blade/Silly_Weapons/Blade_Sucker/M_Blade_Sucker.uasset" 169
"M:/Windows/Documents/Unreal Projects/RTS_Game/Content/InfinityBladeWeapons/Weapons/Blade/Silly_Weapons/Blade_Sucker/SK_Blade_Sucker_Skeleton.uasset" 170
"M:/Windows/Documents/Unreal Projects/RTS_Game/Content/InfinityBladeWeapons/Weapons/Blade/Silly_Weapons/Blade_Sucker/SK_Blade_Sucker.uasset" 171
"M:/Windows/Documents/Unreal Projects/RTS_Game/Content/UnitBP/BP_Healer.uasset" 172
"M:/Windows/Documents/Unreal Projects/RTS_Game/Content/InfinityBladeWeapons/Weapons/Blade/Swords/Blade_HeroSword11/T_Blade_HeroSword_011_D.uasset" 173
"M:/Windows/Documents/Unreal Projects/RTS_Game/Content/InfinityBladeWeapons/Weapons/Blade/Swords/Blade_HeroSword11/T_Blade_HeroSword_011_N.uasset" 174
"M:/Windows/Documents/Unreal Projects/RTS_Game/Content/InfinityBladeWeapons/Weapons/Blade/Swords/Blade_HeroSword11/T_Blade_HeroSword_012_D.uasset" 175
"M:/Windows/Documents/Unreal Projects/RTS_Game/Content/InfinityBladeWeapons/Weapons/Blade/Swords/Blade_HeroSword11/M_Blade_HeroSword11.uasset" 176
"M:/Windows/Documents/Unreal Projects/RTS_Game/Content/InfinityBladeWeapons/Weapons/Blade/Swords/Blade_HeroSword11/SK_Blade_HeroSword_01_Skeleton.uasset" 177
"M:/Windows/Documents/Unreal Projects/RTS_Game/Content/InfinityBladeWeapons/Weapons/Blade/Swords/Blade_HeroSword11/SK_Blade_HeroSword11.uasset" 178
"M:/Windows/Documents/Unreal Projects/RTS_Game/Content/UnitBP/BP_Swordsman.uasset" 179
"M:/Windows/Documents/Unreal Projects/RTS_Game/Content/StarterContent/Props/MaterialSphere.uasset" 180
"M:/Windows/Documents/Unreal Projects/RTS_Game/Content/UnitBP/BP_TestAttackingUnit.uasset" 181
"M:/Windows/Documents/Unreal Projects/RTS_Game/Content/UnitBP/BP_TestBuffingUnit.uasset" 182
"M:/Windows/Documents/Unreal Projects/RTS_Game/Content/UnitBP/BP_TestUnit.uasset" 183
"../../../Engine/Content/EngineMaterials/DefaultMaterial.uasset" 184
"../../../Engine/Content/BasicShapes/Cone.uasset" 185
"../../../Engine/Content/BasicShapes/Cylinder.uasset" 186
"../../../Engine/Content/BasicShapes/Plane.uasset" 187
"../../../Engine/Content/BasicShapes/Sphere.uasset" 188
"../../../Engine/Content/EditorLandscapeResources/DataLayer.uasset" 189
"../../../Engine/Content/EditorMaterials/GizmoMaterial.uasset" 190
"../../../Engine/Content/EditorMaterials/MAT_Groups_Toggle.uasset" 191
"../../../Engine/Content/EditorMaterials/MAT_Groups_Visibility.uasset" 192
"../../../Engine/Content/EditorMaterials/PreviewShadowIndicator.uasset" 193
"../../../Engine/Content/EditorMaterials/PreviewShadowIndicatorMaterial.uasset" 194
"../../../Engine/Content/EditorMaterials/MatineeGroups/MAT_ColorTrack.uasset" 195
"../../../Engine/Content/EditorMaterials/MatineeGroups/MAT_Groups_Anim.uasset" 196
"../../../Engine/Content/EditorMaterials/MatineeGroups/MAT_Groups_AudioMaster.uasset" 197
"../../../Engine/Content/EditorMaterials/MatineeGroups/MAT_Groups_Director.uasset" 198
"../../../Engine/Content/EditorMaterials/MatineeGroups/MAT_Groups_Event.uasset" 199
"../../../Engine/Content/EditorMaterials/MatineeGroups/MAT_Groups_Fade.uasset" 200
"../../../Engine/Content/EditorMaterials/MatineeGroups/MAT_Groups_Float.uasset" 201
"../../../Engine/Content/EditorMaterials/MatineeGroups/MAT_Groups_Move.uasset" 202
"../../../Engine/Content/EditorMaterials/MatineeGroups/MAT_Groups_Slomo.uasset" 203
"../../../Engine/Content/EditorMaterials/MatineeGroups/MAT_Groups_Sound.uasset" 204
"../../../Engine/Content/EditorMaterials/MatineeGroups/MAT_Groups_Vector.uasset" 205
"../../../Engine/Content/EditorMaterials/ParticleSystems/PSysThumbnail_NoImage.uasset" 206
"../../../Engine/Content/EditorMaterials/ParticleSystems/PSysThumbnail_OOD.uasset" 207
"../../../Engine/Content/EditorMaterials/Camera/CineMat.uasset" 208
"../../../Engine/Content/EditorMaterials/Camera/MI_CineMat_Rig.uasset" 209
"../../../Engine/Content/EditorMeshes/Camera/SM_CraneRig_Arm.uasset" 210
"../../../Engine/Content/EditorMeshes/Camera/SM_CraneRig_Base.uasset" 211
"../../../Engine/Content/EditorMeshes/Camera/SM_CraneRig_Body.uasset" 212
"../../../Engine/Content/EditorMeshes/Camera/SM_CraneRig_Mount.uasset" 213
"../../../Engine/Content/EditorMeshes/Camera/SM_RailRig_Mount.uasset" 214
"../../../Engine/Content/EditorMeshes/Camera/SM_RailRig_Track.uasset" 215
"../../../Engine/Content/EditorResources/BSPVertex.uasset" 216
"../../../Engine/Content/EditorResources/EmptyActor.uasset" 217
"../../../Engine/Content/EditorResources/S_Actor.uasset" 218
"../../../Engine/Content/EditorResources/S_Trigger.uasset" 219
"../../../Engine/Content/EditorResources/AudioIcons/S_AudioComponent.uasset" 220
"../../../Engine/Content/EditorResources/AudioIcons/S_AudioComponent_AutoActivate.uasset" 221
"../../../Engine/Content/EditorResources/LightIcons/S_LightError.uasset" 222
"../../../Engine/Content/EditorResources/SequenceRecorder/Countdown.uasset" 223
"../../../Engine/Content/EditorResources/SequenceRecorder/RecordingIndicator.uasset" 224
"../../../Engine/Content/EditorSounds/Notifications/CompileFailed.uasset" 225
"../../../Engine/Content/EditorSounds/Notifications/CompileFailed_Cue.uasset" 226
"../../../Engine/Content/EditorSounds/Notifications/CompileSuccess.uasset" 227
"../../../Engine/Content/EditorSounds/Notifications/CompileStart_Cue.uasset" 228
"../../../Engine/Content/EditorSounds/Notifications/CompileSuccess_Cue.uasset" 229
"../../../Engine/Content/EngineDamageTypes/DmgTypeBP_Environmental.uasset" 230
"../../../Engine/Content/EngineDebugMaterials/HeatmapGradient.uasset" 231
"../../../Engine/Content/EngineDebugMaterials/BoneWeightMaterial.uasset" 232
"../../../Engine/Content/EngineDebugMaterials/ClothMaterial.uasset" 233
"../../../Engine/Content/EngineDebugMaterials/ClothMaterial_WF.uasset" 234
"../../../Engine/Content/EngineDebugMaterials/DebugEditorMaterial.uasset" 235
"../../../Engine/Content/EngineDebugMaterials/DebugMeshMaterial.uasset" 236
"../../../Engine/Content/EngineDebugMaterials/GeomMaterial.uasset" 237
"../../../Engine/Content/EngineFonts/Faces/RobotoBold.uasset" 238
"../../../Engine/Content/EngineFonts/Faces/RobotoBoldItalic.uasset" 239
"../../../Engine/Content/EngineFonts/Faces/RobotoItalic.uasset" 240
"../../../Engine/Content/EngineFonts/Faces/RobotoLight.uasset" 241
"../../../Engine/Content/EngineFonts/Faces/RobotoRegular.uasset" 242
"../../../Engine/Content/EngineFonts/Roboto.uasset" 243
"../../../Engine/Content/EngineFonts/Faces/RobotoTiny.uasset" 244
"../../../Engine/Content/EngineFonts/RobotoTiny.uasset" 245
"../../../Engine/Content/EngineMaterials/DefaultBloomKernel.uasset" 246
"../../../Engine/Content/EngineMaterials/DefaultBokeh.uasset" 247
"../../../Engine/Content/EngineMaterials/DefaultDiffuse.uasset" 248
"../../../Engine/Content/EngineMaterials/DefaultDeferredDecalMaterial.uasset" 249
"../../../Engine/Content/EngineMaterials/DefaultLightFunctionMaterial.uasset" 250
"../../../Engine/Content/Functions/Engine_MaterialFunctions02/Utility/BreakOutFloat2Components.uasset" 251
"../../../Engine/Content/EngineMaterials/DefaultPostProcessMaterial.uasset" 252
"../../../Engine/Content/EngineFonts/RobotoDistanceField.uasset" 253
"../../../Engine/Content/EngineMaterials/DefaultTextMaterialOpaque.uasset" 254
"../../../Engine/Content/EngineMaterials/DefaultWhiteGrid.uasset" 255
"../../../Engine/Content/EngineMaterials/EditorBrushMaterial.uasset" 256
"../../../Engine/Content/EngineMaterials/Good64x64TilingNoiseHighFreq.uasset" 257
"../../../Engine/Content/EngineMaterials/MiniFont.uasset" 258
"../../../Engine/Content/EngineMaterials/InvalidLightmapSettings.uasset" 259
"../../../Engine/Content/EngineMaterials/M_InvalidLightmapSettings.uasset" 260
"../../../Engine/Content/Functions/Engine_MaterialFunctions02/WorldPositionOffset/CameraOffset.uasset" 261
"../../../Engine/Content/EngineMaterials/PhAT_JointLimitMaterial.uasset" 262
"../../../Engine/Content/EngineMaterials/PreintegratedSkinBRDF.uasset" 263
"../../../Engine/Content/EngineMaterials/RemoveSurfaceMaterial.uasset" 264
"../../../Engine/Content/EngineMaterials/WeightMapPlaceholderTexture.uasset" 265
"../../../Engine/Content/EngineResources/WhiteSquareTexture.uasset" 266
"../../../Engine/Content/EngineMaterials/Widget3DPassThrough.uasset" 267
"../../../Engine/Content/EngineMaterials/Widget3DPassThrough_Masked.uasset" 268
"../../../Engine/Content/EngineMaterials/Widget3DPassThrough_Opaque.uasset" 269
"../../../Engine/Content/EngineMaterials/Widget3DPassThrough_Masked_OneSided.uasset" 270
"../../../Engine/Content/EngineMaterials/Widget3DPassThrough_Opaque_OneSided.uasset" 271
"../../../Engine/Content/EngineMaterials/Widget3DPassThrough_Translucent.uasset" 272
"../../../Engine/Content/EngineMaterials/Widget3DPassThrough_Translucent_OneSided.uasset" 273
"../../../Engine/Content/EngineMeshes/Cube.uasset" 274
"../../../Engine/Content/EngineMeshes/Cylinder.uasset" 275
"../../../Engine/Content/EngineMeshes/Sphere.uasset" 276
"../../../Engine/Content/EngineResources/Black.uasset" 277
"../../../Engine/Content/EngineResources/DefaultTexture.uasset" 278
"../../../Engine/Content/EngineResources/DefaultTextureCube.uasset" 279
"../../../Engine/Content/EngineResources/GradientTexture0.uasset" 280
"../../../Engine/Content/EngineSounds/Master.uasset" 281
"../../../Engine/Content/Functions/Engine_MaterialFunctions01/Shading/ConvertFromDiffSpec.uasset" 282
"../../../Engine/Content/Functions/Engine_MaterialFunctions01/Shading/PowerToRoughness.uasset" 283
"../../../Engine/Content/Maps/Templates/Thumbnails/Default.uasset" 284
"../../../Engine/Content/Maps/Templates/Thumbnails/VR-Basic.uasset" 285
"../../../Engine/Content/MobileResources/T_MobileControls_texture.uasset" 286
"../../../Engine/Content/MobileResources/T_MobileMenu2.uasset" 287
"../../../Engine/Content/MobileResources/HUD/AnalogHat.uasset" 288
"../../../Engine/Content/MobileResources/HUD/VirtualJoystick_Background.uasset" 289
"../../../Engine/Content/MobileResources/HUD/VirtualJoystick_Thumb.uasset" 290
"../../../Engine/Content/MobileResources/HUD/DefaultVirtualJoysticks.uasset" 291
"../../../Engine/Content/MobileResources/HUD/LeftVirtualJoystickOnly.uasset" 292
"../../../Engine/Content/MobileResources/HUD/MobileHUDButton1_off.uasset" 293
"../../../Engine/Content/MobileResources/HUD/MobileHUDButton1_on.uasset" 294
"../../../Engine/Content/MobileResources/HUD/MobileHUDButton2_off.uasset" 295
"../../../Engine/Content/MobileResources/HUD/MobileHUDButton2_on.uasset" 296
"../../../Engine/Content/MobileResources/HUD/MobileHUDButton3.uasset" 297
"../../../Engine/Content/MobileResources/HUD/MobileHUDButtonFire.uasset" 298
"../../../Engine/Content/MobileResources/HUD/MobileHUDDirectionPad.uasset" 299
"../../../Engine/Content/MobileResources/HUD/MobileHUDDirectionPad2.uasset" 300
"../../../Engine/Content/MobileResources/HUD/MobileHUDDirectionPad3.uasset" 301
"../../../Engine/Content/MobileResources/HUD/MobileHUDDirectionStick.uasset" 302
"../../../Engine/Content/MobileResources/HUD/T_Castle_ThumbstickInner.uasset" 303
"../../../Engine/Content/MobileResources/HUD/T_Castle_ThumbstickOutter.uasset" 304
"../../../Engine/Content/Tutorial/ContentIntroCurve.uasset" 305
"../../../Engine/Content/Tutorial/Basics/TutorialAssets/icon_tab_Levels_40x.uasset" 306
"../../../Engine/Content/Tutorial/BlueprintTutorials/TutorialAssets/BlueprintInterface_64x.uasset" 307
"../../../Engine/Content/Tutorial/BlueprintTutorials/TutorialAssets/BlueprintMacroLibrary_64x.uasset" 308
"../../../Engine/Content/Tutorial/BlueprintTutorials/TutorialAssets/Blueprint_64x.uasset" 309
"../../../Engine/Content/Tutorial/BlueprintTutorials/TutorialAssets/Tutorial_BP_Interface.uasset" 310
"../../../Engine/Content/Tutorial/Foliage/TutorialAssets/Foliage.uasset" 311
"../../../Engine/Content/Tutorial/Landscape/TutorialAssets/Landscape.uasset" 312
"../../../Engine/Content/Tutorial/Paper2D/TutorialAssets/Paper2DFlipbook_TutorialIcon.uasset" 313
"../../../Engine/Content/Tutorial/Paper2D/TutorialAssets/Paper2DSprite_TutorialIcon.uasset" 314
"../../../Engine/Content/Tutorial/SubEditors/TutorialAssets/icon_Editor_Preferences_General_40x.uasset" 315
"../../../Engine/Content/Tutorial/SubEditors/TutorialAssets/icon_ShowSkeletalMeshes_40x.uasset" 316
"../../../Engine/Content/Tutorial/SubEditors/TutorialAssets/TutorialMaterial.uasset" 317
"../../../Engine/Content/Tutorial/SubEditors/TutorialAssets/T_SmokeSubUV_8X8.uasset" 318
"../../../Engine/Content/Tutorial/SubEditors/TutorialAssets/T_soft_smoke.uasset" 319
"../../../Engine/Content/Tutorial/SubEditors/TutorialAssets/M_smoke_subUV_blackbody.uasset" 320
"../../../Engine/Content/Tutorial/SubEditors/TutorialAssets/TutorialParticleSystem.uasset" 321
"../../../Engine/Content/VREditor/Devices/Generic/GenericHMDMaterial.uasset" 322
"../../../Engine/Content/VREditor/Devices/Generic/GenericHMD.uasset" 323
"../../../Engine/Content/Functions/Engine_MaterialFunctions02/Utility/BreakOutFloat3Components.uasset" 324
"../../../Engine/Content/VREditor/Devices/Vive/VivePreController_MasksB.uasset" 325
"../../../Engine/Content/VREditor/Devices/Oculus/OculusControllerMaterial.uasset" 326
"../../../Engine/Content/VREditor/Devices/Oculus/OculusControllerMaterial_Inst.uasset" 327
"../../../Engine/Content/VREditor/Devices/Oculus/OculusControllerMesh.uasset" 328
"../../../Engine/Content/VREditor/Devices/Vive/T_VivePreController_EM.uasset" 329
"../../../Engine/Content/VREditor/Devices/Vive/VivePreController_MasksA.uasset" 330
"../../../Engine/Content/VREditor/Devices/Vive/VivePreControllerDiffuse.uasset" 331
"../../../Engine/Content/VREditor/Devices/Vive/VivePreControllerSpec.uasset" 332
"../../../Engine/Content/VREditor/LaserPointer/VR_LaserPower_01.uasset" 333
"../../../Engine/Content/VREditor/Devices/Vive/VivePreControllerMaterial.uasset" 334
"../../../Engine/Content/VREditor/Devices/Vive/VivePreControllerMaterial_Inst.uasset" 335
"../../../Engine/Content/VREditor/Devices/Vive/VivePreControllerMesh.uasset" 336
"../../../Engine/Content/VREditor/FloatingText/LineMaterial.uasset" 337
"../../../Engine/Content/VREditor/FloatingText/JointSphere.uasset" 338
"../../../Engine/Content/VREditor/FloatingText/LineSegmentCylinder.uasset" 339
"../../../Engine/Content/VREditor/Fonts/VRText_RobotoLarge.uasset" 340
"../../../Engine/Content/VREditor/Fonts/VRTextMaterial.uasset" 341
"../../../Engine/Content/VREditor/Fonts/TranslucentVRTextMaterial.uasset" 342
"../../../Engine/Content/VREditor/LaserPointer/CursorPointer.uasset" 343
"../../../Engine/Content/VREditor/TransformGizmo/TransformGizmoMaterial.uasset" 344
"../../../Engine/Content/VREditor/LaserPointer/HoverMaterial.uasset" 345
"../../../Engine/Content/VREditor/TransformGizmo/TranslucentTransformGizmoMaterial.uasset" 346
"../../../Engine/Content/VREditor/LaserPointer/TranslucentHoverMaterial.uasset" 347
"../../../Engine/Content/VREditor/LaserPointer/HoverMesh.uasset" 348
"../../../Engine/Content/VREditor/LaserPointer/LaserPointerMaterial.uasset" 349
"../../../Engine/Content/VREditor/LaserPointer/LaserPointerMaterialInst.uasset" 350
"../../../Engine/Content/VREditor/LaserPointer/TranslucentLaserPointerMaterialInst.uasset" 351
"../../../Engine/Content/VREditor/LaserPointer/LaserPointerMesh.uasset" 352
"../../../Engine/Content/VREditor/LaserPointer/LaserPointerMesh_End.uasset" 353
"../../../Engine/Content/VREditor/LaserPointer/LaserPointerMesh_Start.uasset" 354
"../../../Engine/Content/VREditor/Sounds/VR_teleport.uasset" 355
"../../../Engine/Content/VREditor/Sounds/UI/Click_on_Button.uasset" 356
"../../../Engine/Content/VREditor/Sounds/UI/Click_on_Button_Cue.uasset" 357
"../../../Engine/Content/VREditor/Sounds/UI/Dockable_Window_Close.uasset" 358
"../../../Engine/Content/VREditor/Sounds/UI/Dockable_Window_Drop.uasset" 359
"../../../Engine/Content/VREditor/Sounds/UI/Dockable_Window_Open.uasset" 360
"../../../Engine/Content/VREditor/Sounds/UI/Dockable_Window_Pick_Up.uasset" 361
"../../../Engine/Content/VREditor/Sounds/UI/Drop_Item_From_ContentBrowser.uasset" 362
"../../../Engine/Content/VREditor/Sounds/UI/Floating_UI_Open-001.uasset" 363
"../../../Engine/Content/VREditor/Sounds/UI/Radial_Menu_FadeOut.uasset" 364
"../../../Engine/Content/VREditor/Sounds/UI/Teleport_Mode_Entered.uasset" 365
"../../../Engine/Content/VREditor/Teleport/TeleportDirectionMaterial.uasset" 366
"../../../Engine/Content/VREditor/Teleport/TeleportDirectionMaterial_Inst.uasset" 367
"../../../Engine/Content/VREditor/Teleport/TeleportDirectionMesh.uasset" 368
"../../../Engine/Content/VREditor/TransformGizmo/BoundingBoxCorner.uasset" 369
"../../../Engine/Content/VREditor/TransformGizmo/BoundingBoxEdge.uasset" 370
"../../../Engine/Content/VREditor/TransformGizmo/PlaneTranslationHandle.uasset" 371
"../../../Engine/Content/VREditor/TransformGizmo/Main.uasset" 372
"../../../Engine/Content/VREditor/TransformGizmo/Xray.uasset" 373
"../../../Engine/Content/VREditor/TransformGizmo/SM_Dialog_Close.uasset" 374
"../../../Engine/Content/VREditor/TransformGizmo/SM_Dialog_Move.uasset" 375
"../../../Engine/Content/VREditor/TransformGizmo/SM_Sequencer_Key.uasset" 376
"../../../Engine/Content/VREditor/TransformGizmo/SM_Sequencer_Node.uasset" 377
"../../../Engine/Content/VREditor/TransformGizmo/TransformGizmoMaterial_Inst.uasset" 378
"../../../Engine/Content/VREditor/TransformGizmo/TranslucentTransformGizmoMaterial_Inst.uasset" 379
"../../../Engine/Content/VREditor/Devices/Vive/UE4_Logo.uasset" 380
"../../../Engine/Content/VREditor/UI/M_ContentWindow.uasset" 381
"../../../Engine/Content/VREditor/UI/SM_ContentWindow_01.uasset" 382
"../../../Engine/Content/VREditor/UI/KeyDiskMaterial.uasset" 383
"../../../Engine/Content/VREditor/UI/DiscMaterial.uasset" 384
"../../../Engine/Content/VREditor/UI/SM_Radial_Disk.uasset" 385
"../../../Engine/Content/VREditor/UI/ArrowMaterial.uasset" 386
"../../../Engine/Content/VREditor/UI/SM_Radial_Pointer.uasset" 387
"../../../Engine/Content/VREditor/WorldMovementGrid/SimpleGrid.uasset" 388
"../../../Engine/Content/VREditor/WorldMovementGrid/GridMaterial.uasset" 389
"../../../Engine/Content/VREditor/WorldMovementGrid/GridPostProcess.uasset" 390
"../../../Engine/Content/EditorLandscapeResources/FlattenHeightMat.uasset" 391
"../../../Engine/Content/VREditor/WorldMovementGrid/PlaneMesh.uasset" 392
"../../Plugins/2D/Paper2D/Content/PlaceholderTextures/DummySpriteTexture.uasset" 393
"../../Plugins/2D/Paper2D/Content/DummySprite.uasset" 394
"../../Plugins/2D/Paper2D/Content/DefaultPaperTerrainMaterial.uasset" 395
"../../Plugins/2D/Paper2D/Content/DefaultSpriteMaterial.uasset" 396
"../../Plugins/2D/Paper2D/Content/MaskedUnlitSpriteMaterial.uasset" 397
"../../Plugins/2D/Paper2D/Content/OpaqueUnlitSpriteMaterial.uasset" 398
"../../Plugins/Media/MediaCompositing/Content/DefaultMediaPlaneTexture.uasset" 399
"../../Plugins/Media/MediaCompositing/Content/DefaultMediaPlaneMaterial.uasset" 400
"../../../Engine/Content/Functions/Engine_MaterialFunctions02/Utility/MakeFloat4.uasset" 401
"../../Plugins/Runtime/AppleARKit/Content/ARKitCameraMaterial.uasset" 402
"../../Plugins/Runtime/Oculus/OculusVR/Content/Textures/GearVRController_AO.uasset" 403
"../../Plugins/Runtime/Oculus/OculusVR/Content/Textures/GearVRController_Color.uasset" 404
"../../Plugins/Runtime/Oculus/OculusVR/Content/Textures/GearVRController_Normal.uasset" 405
"../../Plugins/Runtime/Oculus/OculusVR/Content/Materials/GearVRControllerMaterial.uasset" 406
"../../Plugins/Runtime/Oculus/OculusVR/Content/Meshes/GearVrController.uasset" 407
"../../../Engine/Content/EditorBlueprintResources/StandardMacros.uasset" 408
"../../../Engine/Content/EngineSky/C_Sky_Cloud_Color.uasset" 409
"../../../Engine/Content/EngineSky/C_Sky_Horizon_Color.uasset" 410
"../../../Engine/Content/EngineSky/C_Sky_Zenith_Color.uasset" 411
"../../../Engine/Content/EngineSky/T_Sky_Blue.uasset" 412
"../../../Engine/Content/EngineSky/T_Sky_Clouds_M.uasset" 413
"../../../Engine/Content/EngineSky/T_Sky_Stars.uasset" 414
"../../../Engine/Content/EngineSky/M_Sky_Panning_Clouds2.uasset" 415
"../../../Engine/Content/EngineSky/SM_SkySphere.uasset" 416
"../../../Engine/Content/EngineSky/BP_Sky_Sphere.uasset" 417
"M:/Windows/Documents/Unreal Projects/RTS_Game/Content/Maps/NewMap_BuiltData.uasset" 418
"M:/Windows/Documents/Unreal Projects/RTS_Game/Content/StarterContent/Textures/T_Ground_Grass_D.uasset" 419
"M:/Windows/Documents/Unreal Projects/RTS_Game/Content/StarterContent/Textures/T_Ground_Grass_N.uasset" 420
"M:/Windows/Documents/Unreal Projects/RTS_Game/Content/StarterContent/Textures/T_MacroVariation.uasset" 421
"M:/Windows/Documents/Unreal Projects/RTS_Game/Content/StarterContent/Textures/T_Perlin_Noise_M.uasset" 422
"M:/Windows/Documents/Unreal Projects/RTS_Game/Content/StarterContent/Materials/M_Ground_Grass.uasset" 423
"../../../Engine/Content/EngineMaterials/DefaultPhysicalMaterial.uasset" 424
"M:/Windows/Documents/Unreal Projects/RTS_Game/Content/Maps/NewMap.umap" 425
"M:/Windows/Documents/Unreal Projects/RTS_Game/Content/StarterContent/Blueprints/Assets/FogBrightnessLUT.uasset" 426
"M:/Windows/Documents/Unreal Projects/RTS_Game/Content/StarterContent/Blueprints/Assets/SunlightColorLUT.uasset" 427
"M:/Windows/Documents/Unreal Projects/RTS_Game/Content/StarterContent/Blueprints/Assets/M_LightStage_Arrows.uasset" 428
"../../../Engine/Content/MapTemplates/Sky/DaylightAmbientCubemap.uasset" 429
"M:/Windows/Documents/Unreal Projects/RTS_Game/Content/StarterContent/Blueprints/Assets/M_LightStage_Skybox_Master.uasset" 430
"M:/Windows/Documents/Unreal Projects/RTS_Game/Content/StarterContent/Blueprints/Assets/M_LightStage_Skybox_Black.uasset" 431
"M:/Windows/Documents/Unreal Projects/RTS_Game/Content/StarterContent/Blueprints/Assets/M_LightStage_Skybox_HDRI.uasset" 432
"../../../Engine/Content/EditorMaterials/Thumbnails/SkySphereMaterial.uasset" 433
"M:/Windows/Documents/Unreal Projects/RTS_Game/Content/StarterContent/Blueprints/Assets/Skybox.uasset" 434
"M:/Windows/Documents/Unreal Projects/RTS_Game/Content/StarterContent/Blueprints/Assets/SM_Arrows.uasset" 435
"M:/Windows/Documents/Unreal Projects/RTS_Game/Content/StarterContent/HDRI/HDRI_Epic_Courtyard_Daylight.uasset" 436
"M:/Windows/Documents/Unreal Projects/RTS_Game/Content/StarterContent/Blueprints/BP_LightStudio.uasset" 437
"M:/Windows/Documents/Unreal Projects/RTS_Game/Content/StarterContent/Maps/Advanced_Lighting_BuiltData.uasset" 438
"M:/Windows/Documents/Unreal Projects/RTS_Game/Content/StarterContent/Materials/M_AssetPlatform.uasset" 439
"../../../Engine/Content/EditorMeshes/ColorCalibrator/M_ChromeBall.uasset" 440
"../../../Engine/Content/EditorMeshes/ColorCalibrator/M_ClearCoat.uasset" 441
"../../../Engine/Content/EditorMeshes/ColorCalibrator/M_ClearCoatBlack.uasset" 442
"../../../Engine/Content/EditorMeshes/ColorCalibrator/Color_checker.uasset" 443
"../../../Engine/Content/EditorMeshes/ColorCalibrator/M_ColorGrid.uasset" 444
"../../../Engine/Content/EditorMeshes/ColorCalibrator/M_GreyBall.uasset" 445
"../../../Engine/Content/EditorMeshes/ColorCalibrator/SM_ColorCalibrator.uasset" 446
"M:/Windows/Documents/Unreal Projects/RTS_Game/Content/StarterContent/Architecture/SM_AssetPlatform.uasset" 447
"M:/Windows/Documents/Unreal Projects/RTS_Game/Content/StarterContent/Maps/Advanced_Lighting.umap" 448
"M:/Windows/Documents/Unreal Projects/RTS_Game/Content/StarterContent/Maps/Minimal_Default_BuiltData.uasset" 449
"M:/Windows/Documents/Unreal Projects/RTS_Game/Content/StarterContent/Materials/M_Metal_Brushed_Nickel.uasset" 450
"M:/Windows/Documents/Unreal Projects/RTS_Game/Content/StarterContent/Textures/T_Metal_Aluminum_D.uasset" 451
"M:/Windows/Documents/Unreal Projects/RTS_Game/Content/StarterContent/Textures/T_Metal_Gold_N.uasset" 452
"M:/Windows/Documents/Unreal Projects/RTS_Game/Content/StarterContent/Materials/M_Metal_Burnished_Steel.uasset" 453
"M:/Windows/Documents/Unreal Projects/RTS_Game/Content/StarterContent/Textures/T_Metal_Copper_D.uasset" 454
"M:/Windows/Documents/Unreal Projects/RTS_Game/Content/StarterContent/Materials/M_Metal_Copper.uasset" 455
"M:/Windows/Documents/Unreal Projects/RTS_Game/Content/StarterContent/Textures/T_Statue_M.uasset" 456
"M:/Windows/Documents/Unreal Projects/RTS_Game/Content/StarterContent/Textures/T_Statue_N.uasset" 457
"M:/Windows/Documents/Unreal Projects/RTS_Game/Content/StarterContent/Props/Materials/M_StatueGlass.uasset" 458
"M:/Windows/Documents/Unreal Projects/RTS_Game/Content/StarterContent/Architecture/Floor_400x400.uasset" 459
"M:/Windows/Documents/Unreal Projects/RTS_Game/Content/StarterContent/Audio/Starter_Background_Cue.uasset" 460
"M:/Windows/Documents/Unreal Projects/RTS_Game/Content/StarterContent/Props/SM_Chair.uasset" 461
"M:/Windows/Documents/Unreal Projects/RTS_Game/Content/StarterContent/Props/Materials/M_Statue.uasset" 462
"M:/Windows/Documents/Unreal Projects/RTS_Game/Content/StarterContent/Props/SM_Statue.uasset" 463
"M:/Windows/Documents/Unreal Projects/RTS_Game/Content/StarterContent/Textures/T_TableRound_M.uasset" 464
"M:/Windows/Documents/Unreal Projects/RTS_Game/Content/StarterContent/Textures/T_TableRound_N.uasset" 465
"M:/Windows/Documents/Unreal Projects/RTS_Game/Content/StarterContent/Props/Materials/M_TableRound.uasset" 466
"M:/Windows/Documents/Unreal Projects/RTS_Game/Content/StarterContent/Props/SM_TableRound.uasset" 467
"M:/Windows/Documents/Unreal Projects/RTS_Game/Content/StarterContent/Maps/Minimal_Default.umap" 468
"M:/Windows/Documents/Unreal Projects/RTS_Game/Content/StarterContent/Audio/Fire01_Cue.uasset" 469
"M:/Windows/Documents/Unreal Projects/RTS_Game/Content/StarterContent/Textures/T_Fire_SubUV.uasset" 470
"M:/Windows/Documents/Unreal Projects/RTS_Game/Content/StarterContent/Textures/T_Fire_Tiled_D.uasset" 471
"M:/Windows/Documents/Unreal Projects/RTS_Game/Content/StarterContent/Particles/Materials/M_Fire_SubUV.uasset" 472
"M:/Windows/Documents/Unreal Projects/RTS_Game/Content/StarterContent/Textures/T_Water_N.uasset" 473
"M:/Windows/Documents/Unreal Projects/RTS_Game/Content/StarterContent/Particles/Materials/M_Heat_Distortion.uasset" 474
"M:/Windows/Documents/Unreal Projects/RTS_Game/Content/StarterContent/Particles/Materials/M_Radial_Gradient.uasset" 475
"M:/Windows/Documents/Unreal Projects/RTS_Game/Content/StarterContent/Particles/P_Fire.uasset" 476
"M:/Windows/Documents/Unreal Projects/RTS_Game/Content/StarterContent/Blueprints/Blueprint_Effect_Fire.uasset" 477
"M:/Windows/Documents/Unreal Projects/RTS_Game/Content/StarterContent/Audio/Smoke01_Cue.uasset" 478
"M:/Windows/Documents/Unreal Projects/RTS_Game/Content/StarterContent/Particles/P_Smoke.uasset" 479
"M:/Windows/Documents/Unreal Projects/RTS_Game/Content/StarterContent/Blueprints/Blueprint_Effect_Smoke.uasset" 480
"M:/Windows/Documents/Unreal Projects/RTS_Game/Content/StarterContent/Audio/Fire_Sparks01_Cue.uasset" 481
"M:/Windows/Documents/Unreal Projects/RTS_Game/Content/StarterContent/Textures/T_Spark_Core.uasset" 482
"M:/Windows/Documents/Unreal Projects/RTS_Game/Content/StarterContent/Particles/Materials/M_Spark.uasset" 483
"M:/Windows/Documents/Unreal Projects/RTS_Game/Content/StarterContent/Particles/P_Sparks.uasset" 484
"M:/Windows/Documents/Unreal Projects/RTS_Game/Content/StarterContent/Blueprints/Blueprint_Effect_Sparks.uasset" 485
"M:/Windows/Documents/Unreal Projects/RTS_Game/Content/StarterContent/Audio/Steam01_Cue.uasset" 486
"M:/Windows/Documents/Unreal Projects/RTS_Game/Content/StarterContent/Particles/P_Steam_Lit.uasset" 487
"M:/Windows/Documents/Unreal Projects/RTS_Game/Content/StarterContent/Blueprints/Blueprint_Effect_Steam.uasset" 488
"M:/Windows/Documents/Unreal Projects/RTS_Game/Content/StarterContent/Textures/T_Lamp_M.uasset" 489
"M:/Windows/Documents/Unreal Projects/RTS_Game/Content/StarterContent/Textures/T_Lamp_N.uasset" 490
"M:/Windows/Documents/Unreal Projects/RTS_Game/Content/StarterContent/Props/Materials/M_Lamp.uasset" 491
"M:/Windows/Documents/Unreal Projects/RTS_Game/Content/StarterContent/Props/SM_Lamp_Ceiling.uasset" 492
"M:/Windows/Documents/Unreal Projects/RTS_Game/Content/StarterContent/Blueprints/Blueprint_CeilingLight.uasset" 493
"M:/Windows/Documents/Unreal Projects/RTS_Game/Content/StarterContent/Props/SM_Lamp_Wall.uasset" 494
"M:/Windows/Documents/Unreal Projects/RTS_Game/Content/StarterContent/Blueprints/Blueprint_WallSconce.uasset" 495
"M:/Windows/Documents/Unreal Projects/RTS_Game/Content/StarterContent/Maps/StarterMap_BuiltData.uasset" 496
"../../../Engine/Content/Functions/Engine_MaterialFunctions03/Procedurals/ComputeFilterWidth.uasset" 497
"../../../Engine/Content/EngineMaterials/AntiAliasedTextMaterialTranslucent.uasset" 498
"M:/Windows/Documents/Unreal Projects/RTS_Game/Content/StarterContent/Textures/T_Brick_Clay_Beveled_D.uasset" 499
"M:/Windows/Documents/Unreal Projects/RTS_Game/Content/StarterContent/Textures/T_Brick_Clay_Beveled_M.uasset" 500
"M:/Windows/Documents/Unreal Projects/RTS_Game/Content/StarterContent/Textures/T_Brick_Clay_Beveled_N.uasset" 501
"M:/Windows/Documents/Unreal Projects/RTS_Game/Content/StarterContent/Materials/M_Brick_Clay_Beveled.uasset" 502
"M:/Windows/Documents/Unreal Projects/RTS_Game/Content/StarterContent/Textures/T_Brick_Clay_New_D.uasset" 503
"M:/Windows/Documents/Unreal Projects/RTS_Game/Content/StarterContent/Textures/T_Brick_Clay_New_M.uasset" 504
"M:/Windows/Documents/Unreal Projects/RTS_Game/Content/StarterContent/Textures/T_Brick_Clay_New_N.uasset" 505
"M:/Windows/Documents/Unreal Projects/RTS_Game/Content/StarterContent/Materials/M_Brick_Clay_New.uasset" 506
"M:/Windows/Documents/Unreal Projects/RTS_Game/Content/StarterContent/Textures/T_Brick_Clay_Old_D.uasset" 507
"M:/Windows/Documents/Unreal Projects/RTS_Game/Content/StarterContent/Textures/T_Brick_Clay_Old_N.uasset" 508
"M:/Windows/Documents/Unreal Projects/RTS_Game/Content/StarterContent/Materials/M_Brick_Clay_Old.uasset" 509
"M:/Windows/Documents/Unreal Projects/RTS_Game/Content/StarterContent/Textures/T_Brick_Cut_Stone_D.uasset" 510
"M:/Windows/Documents/Unreal Projects/RTS_Game/Content/StarterContent/Textures/T_Brick_Cut_Stone_N.uasset" 511
"M:/Windows/Documents/Unreal Projects/RTS_Game/Content/StarterContent/Materials/M_Brick_Cut_Stone.uasset" 512
"M:/Windows/Documents/Unreal Projects/RTS_Game/Content/StarterContent/Textures/T_Brick_Hewn_Stone_D.uasset" 513
"M:/Windows/Documents/Unreal Projects/RTS_Game/Content/StarterContent/Textures/T_Brick_Hewn_Stone_M.uasset" 514
"M:/Windows/Documents/Unreal Projects/RTS_Game/Content/StarterContent/Textures/T_Brick_Hewn_Stone_N.uasset" 515
"M:/Windows/Documents/Unreal Projects/RTS_Game/Content/StarterContent/Materials/M_Brick_Hewn_Stone.uasset" 516
"M:/Windows/Documents/Unreal Projects/RTS_Game/Content/StarterContent/Textures/T_Ceramic_Tile_M.uasset" 517
"M:/Windows/Documents/Unreal Projects/RTS_Game/Content/StarterContent/Textures/T_Ceramic_Tile_N.uasset" 518
"M:/Windows/Documents/Unreal Projects/RTS_Game/Content/StarterContent/Textures/T_Rock_Marble_Polished_D.uasset" 519
"M:/Windows/Documents/Unreal Projects/RTS_Game/Content/StarterContent/Materials/M_Ceramic_Tile_Checker.uasset" 520
"M:/Windows/Documents/Unreal Projects/RTS_Game/Content/StarterContent/Textures/T_CobbleStone_Pebble_D.uasset" 521
"M:/Windows/Documents/Unreal Projects/RTS_Game/Content/StarterContent/Textures/T_CobbleStone_Pebble_M.uasset" 522
"M:/Windows/Documents/Unreal Projects/RTS_Game/Content/StarterContent/Textures/T_CobbleStone_Pebble_N.uasset" 523
"M:/Windows/Documents/Unreal Projects/RTS_Game/Content/StarterContent/Materials/M_CobbleStone_Pebble.uasset" 524
"M:/Windows/Documents/Unreal Projects/RTS_Game/Content/StarterContent/Textures/T_CobbleStone_Rough_D.uasset" 525
"M:/Windows/Documents/Unreal Projects/RTS_Game/Content/StarterContent/Textures/T_CobbleStone_Rough_N.uasset" 526
"M:/Windows/Documents/Unreal Projects/RTS_Game/Content/StarterContent/Textures/T_Gradinet_01.uasset" 527
"M:/Windows/Documents/Unreal Projects/RTS_Game/Content/StarterContent/Textures/T_Rock_Smooth_Granite_D.uasset" 528
"M:/Windows/Documents/Unreal Projects/RTS_Game/Content/StarterContent/Materials/M_CobbleStone_Rough.uasset" 529
"M:/Windows/Documents/Unreal Projects/RTS_Game/Content/StarterContent/Textures/T_CobbleStone_Smooth_D.uasset" 530
"M:/Windows/Documents/Unreal Projects/RTS_Game/Content/StarterContent/Textures/T_CobbleStone_Smooth_M.uasset" 531
"M:/Windows/Documents/Unreal Projects/RTS_Game/Content/StarterContent/Textures/T_CobbleStone_Smooth_N.uasset" 532
"M:/Windows/Documents/Unreal Projects/RTS_Game/Content/StarterContent/Materials/M_CobbleStone_Smooth.uasset" 533
"M:/Windows/Documents/Unreal Projects/RTS_Game/Content/StarterContent/Textures/T_Concrete_Grime_D.uasset" 534
"M:/Windows/Documents/Unreal Projects/RTS_Game/Content/StarterContent/Textures/T_Metal_Rust_N.uasset" 535
"M:/Windows/Documents/Unreal Projects/RTS_Game/Content/StarterContent/Materials/M_Concrete_Grime.uasset" 536
"M:/Windows/Documents/Unreal Projects/RTS_Game/Content/StarterContent/Textures/T_Concrete_Panels_D.uasset" 537
"M:/Windows/Documents/Unreal Projects/RTS_Game/Content/StarterContent/Textures/T_Concrete_Panels_N.uasset" 538
"M:/Windows/Documents/Unreal Projects/RTS_Game/Content/StarterContent/Materials/M_Concrete_Panels.uasset" 539
"M:/Windows/Documents/Unreal Projects/RTS_Game/Content/StarterContent/Textures/T_Concrete_Poured_D.uasset" 540
"M:/Windows/Documents/Unreal Projects/RTS_Game/Content/StarterContent/Textures/T_Concrete_Poured_N.uasset" 541
"M:/Windows/Documents/Unreal Projects/RTS_Game/Content/StarterContent/Materials/M_Concrete_Poured.uasset" 542
"M:/Windows/Documents/Unreal Projects/RTS_Game/Content/StarterContent/Textures/T_Concrete_Tiles_D.uasset" 543
"M:/Windows/Documents/Unreal Projects/RTS_Game/Content/StarterContent/Textures/T_Concrete_Tiles_M.uasset" 544
"M:/Windows/Documents/Unreal Projects/RTS_Game/Content/StarterContent/Textures/T_Concrete_Tiles_N.uasset" 545
"M:/Windows/Documents/Unreal Projects/RTS_Game/Content/StarterContent/Textures/T_Concrete_Tiles_Variation_M.uasset" 546
"M:/Windows/Documents/Unreal Projects/RTS_Game/Content/StarterContent/Materials/M_Concrete_Tiles.uasset" 547
"M:/Windows/Documents/Unreal Projects/RTS_Game/Content/StarterContent/Textures/T_Ground_Gravel_D.uasset" 548
"M:/Windows/Documents/Unreal Projects/RTS_Game/Content/StarterContent/Textures/T_Ground_Gravel_N.uasset" 549
"M:/Windows/Documents/Unreal Projects/RTS_Game/Content/StarterContent/Materials/M_Ground_Gravel.uasset" 550
"M:/Windows/Documents/Unreal Projects/RTS_Game/Content/StarterContent/Textures/T_ground_Moss_D.uasset" 551
"M:/Windows/Documents/Unreal Projects/RTS_Game/Content/StarterContent/Textures/T_Ground_Moss_N.uasset" 552
"M:/Windows/Documents/Unreal Projects/RTS_Game/Content/StarterContent/Materials/M_Ground_Moss.uasset" 553
"M:/Windows/Documents/Unreal Projects/RTS_Game/Content/StarterContent/Materials/M_Metal_Chrome.uasset" 554
"M:/Windows/Documents/Unreal Projects/RTS_Game/Content/StarterContent/Textures/T_Metal_Gold_D.uasset" 555
"M:/Windows/Documents/Unreal Projects/RTS_Game/Content/StarterContent/Materials/M_Metal_Gold.uasset" 556
"M:/Windows/Documents/Unreal Projects/RTS_Game/Content/StarterContent/Textures/T_Metal_Rust_D.uasset" 557
"M:/Windows/Documents/Unreal Projects/RTS_Game/Content/StarterContent/Materials/M_Metal_Rust.uasset" 558
"M:/Windows/Documents/Unreal Projects/RTS_Game/Content/StarterContent/Textures/T_Metal_Steel_D.uasset" 559
"M:/Windows/Documents/Unreal Projects/RTS_Game/Content/StarterContent/Textures/T_Metal_Steel_N.uasset" 560
"M:/Windows/Documents/Unreal Projects/RTS_Game/Content/StarterContent/Materials/M_Metal_Steel.uasset" 561
"M:/Windows/Documents/Unreal Projects/RTS_Game/Content/StarterContent/Textures/T_Rock_Basalt_N.uasset" 562
"M:/Windows/Documents/Unreal Projects/RTS_Game/Content/StarterContent/Materials/M_Rock_Basalt.uasset" 563
"M:/Windows/Documents/Unreal Projects/RTS_Game/Content/StarterContent/Materials/M_Rock_Marble_Polished.uasset" 564
"M:/Windows/Documents/Unreal Projects/RTS_Game/Content/StarterContent/Textures/T_Rock_Sandstone_D.uasset" 565
"M:/Windows/Documents/Unreal Projects/RTS_Game/Content/StarterContent/Textures/T_Rock_Sandstone_N.uasset" 566
"M:/Windows/Documents/Unreal Projects/RTS_Game/Content/StarterContent/Materials/M_Rock_Sandstone.uasset" 567
"M:/Windows/Documents/Unreal Projects/RTS_Game/Content/StarterContent/Textures/T_Rock_Slate_D.uasset" 568
"M:/Windows/Documents/Unreal Projects/RTS_Game/Content/StarterContent/Textures/T_Rock_Slate_N.uasset" 569
"M:/Windows/Documents/Unreal Projects/RTS_Game/Content/StarterContent/Materials/M_Rock_Slate.uasset" 570
"M:/Windows/Documents/Unreal Projects/RTS_Game/Content/StarterContent/Textures/T_Checker_Noise_M.uasset" 571
"M:/Windows/Documents/Unreal Projects/RTS_Game/Content/StarterContent/Textures/T_Single_Tile_N.uasset" 572
"M:/Windows/Documents/Unreal Projects/RTS_Game/Content/StarterContent/Textures/T_Tech_Dot_M.uasset" 573
"M:/Windows/Documents/Unreal Projects/RTS_Game/Content/StarterContent/Textures/T_Tech_Dot_N.uasset" 574
"M:/Windows/Documents/Unreal Projects/RTS_Game/Content/StarterContent/Materials/M_Tech_Checker_Dot.uasset" 575
"M:/Windows/Documents/Unreal Projects/RTS_Game/Content/StarterContent/Textures/T_Tech_Hex_Tile_M.uasset" 576
"M:/Windows/Documents/Unreal Projects/RTS_Game/Content/StarterContent/Textures/T_Tech_Hex_Tile_N.uasset" 577
"M:/Windows/Documents/Unreal Projects/RTS_Game/Content/StarterContent/Materials/M_Tech_Hex_Tile.uasset" 578
"M:/Windows/Documents/Unreal Projects/RTS_Game/Content/StarterContent/Materials/M_Tech_Hex_Tile_Pulse.uasset" 579
"M:/Windows/Documents/Unreal Projects/RTS_Game/Content/StarterContent/Textures/T_Tech_Panel_M.uasset" 580
"M:/Windows/Documents/Unreal Projects/RTS_Game/Content/StarterContent/Textures/T_Tech_Panel_N.uasset" 581
"M:/Windows/Documents/Unreal Projects/RTS_Game/Content/StarterContent/Materials/M_Tech_Panel.uasset" 582
"M:/Windows/Documents/Unreal Projects/RTS_Game/Content/StarterContent/Materials/M_Water_Lake.uasset" 583
"M:/Windows/Documents/Unreal Projects/RTS_Game/Content/StarterContent/Textures/T_Water_M.uasset" 584
"M:/Windows/Documents/Unreal Projects/RTS_Game/Content/StarterContent/Materials/M_Water_Ocean.uasset" 585
"M:/Windows/Documents/Unreal Projects/RTS_Game/Content/StarterContent/Textures/T_Wood_Floor_Walnut_D.uasset" 586
"M:/Windows/Documents/Unreal Projects/RTS_Game/Content/StarterContent/Textures/T_Wood_Floor_Walnut_M.uasset" 587
"M:/Windows/Documents/Unreal Projects/RTS_Game/Content/StarterContent/Textures/T_Wood_Floor_Walnut_N.uasset" 588
"M:/Windows/Documents/Unreal Projects/RTS_Game/Content/StarterContent/Materials/M_Wood_Floor_Walnut_Polished.uasset" 589
"../../../Engine/Content/Functions/Engine_MaterialFunctions01/Opacity/AlphaOffset.uasset" 590
"M:/Windows/Documents/Unreal Projects/RTS_Game/Content/StarterContent/Materials/M_Wood_Floor_Walnut_Worn.uasset" 591
"M:/Windows/Documents/Unreal Projects/RTS_Game/Content/StarterContent/Textures/T_Wood_Oak_D.uasset" 592
"M:/Windows/Documents/Unreal Projects/RTS_Game/Content/StarterContent/Textures/T_Wood_Oak_N.uasset" 593
"M:/Windows/Documents/Unreal Projects/RTS_Game/Content/StarterContent/Materials/M_Wood_Oak.uasset" 594
"M:/Windows/Documents/Unreal Projects/RTS_Game/Content/StarterContent/Textures/T_Wood_Pine_D.uasset" 595
"M:/Windows/Documents/Unreal Projects/RTS_Game/Content/StarterContent/Textures/T_Wood_Pine_N.uasset" 596
"M:/Windows/Documents/Unreal Projects/RTS_Game/Content/StarterContent/Materials/M_Wood_Pine.uasset" 597
"M:/Windows/Documents/Unreal Projects/RTS_Game/Content/StarterContent/Textures/T_Wood_Walnut_D.uasset" 598
"M:/Windows/Documents/Unreal Projects/RTS_Game/Content/StarterContent/Textures/T_Wood_Walnut_N.uasset" 599
"M:/Windows/Documents/Unreal Projects/RTS_Game/Content/StarterContent/Materials/M_Wood_Walnut.uasset" 600
"M:/Windows/Documents/Unreal Projects/RTS_Game/Content/StarterContent/Architecture/Wall_400x200.uasset" 601
"M:/Windows/Documents/Unreal Projects/RTS_Game/Content/StarterContent/Architecture/Wall_Door_400x300.uasset" 602
"M:/Windows/Documents/Unreal Projects/RTS_Game/Content/StarterContent/Architecture/Wall_Window_400x300.uasset" 603
"M:/Windows/Documents/Unreal Projects/RTS_Game/Content/StarterContent/Audio/Collapse_Cue.uasset" 604
"M:/Windows/Documents/Unreal Projects/RTS_Game/Content/StarterContent/Audio/Starter_Music_Cue.uasset" 605
"M:/Windows/Documents/Unreal Projects/RTS_Game/Content/StarterContent/Textures/T_Dust_Particle_D.uasset" 606
"M:/Windows/Documents/Unreal Projects/RTS_Game/Content/StarterContent/Particles/Materials/M_Dust_Particle.uasset" 607
"M:/Windows/Documents/Unreal Projects/RTS_Game/Content/StarterContent/Particles/P_Ambient_Dust.uasset" 608
"M:/Windows/Documents/Unreal Projects/RTS_Game/Content/StarterContent/Textures/T_Frame_M.uasset" 609
"M:/Windows/Documents/Unreal Projects/RTS_Game/Content/StarterContent/Textures/T_Frame_N.uasset" 610
"M:/Windows/Documents/Unreal Projects/RTS_Game/Content/StarterContent/Props/Materials/M_Frame.uasset" 611
"M:/Windows/Documents/Unreal Projects/RTS_Game/Content/StarterContent/Props/SM_CornerFrame.uasset" 612
"M:/Windows/Documents/Unreal Projects/RTS_Game/Content/StarterContent/Props/SM_DoorFrame.uasset" 613
"M:/Windows/Documents/Unreal Projects/RTS_Game/Content/StarterContent/Props/SM_GlassWindow.uasset" 614
"M:/Windows/Documents/Unreal Projects/RTS_Game/Content/StarterContent/Props/SM_PillarFrame.uasset" 615
"M:/Windows/Documents/Unreal Projects/RTS_Game/Content/StarterContent/Props/SM_PillarFrame300.uasset" 616
"M:/Windows/Documents/Unreal Projects/RTS_Game/Content/StarterContent/Props/SM_WindowFrame.uasset" 617
"M:/Windows/Documents/Unreal Projects/RTS_Game/Content/StarterContent/Shapes/Shape_Cube.uasset" 618
"M:/Windows/Documents/Unreal Projects/RTS_Game/Content/StarterContent/Shapes/Shape_QuadPyramid.uasset" 619
"M:/Windows/Documents/Unreal Projects/RTS_Game/Content/StarterContent/Shapes/Shape_Sphere.uasset" 620
"M:/Windows/Documents/Unreal Projects/RTS_Game/Content/StarterContent/Maps/StarterMap.umap" 621
"../../../Engine/Content/Maps/Entry.umap" 622
